#
# A fatal error has been detected by the Java Runtime Environment:
#
#  EXCEPTION_ACCESS_VIOLATION (0xc0000005) at pc=0x00007fff0e6a86a1, pid=12452, tid=3672
#
# JRE version: OpenJDK Runtime Environment JBR-21.0.8+9-1163.69-jcef (21.0.8+9) (build 21.0.8+9-b1163.69)
# Java VM: OpenJDK 64-Bit Server VM JBR-21.0.8+9-1163.69-jcef (21.0.8+9-b1163.69, mixed mode, sharing, tiered, compressed oops, compressed class ptrs, g1 gc, windows-amd64)
# Problematic frame:
# C  [skiko-windows-x64.dll+0x4e86a1]
#
# No core dump will be written. Minidumps are not enabled by default on client versions of Windows
#
# If you would like to submit a bug report, please visit:
#   https://youtrack.jetbrains.com/issues/JBR
# The crash happened outside the Java Virtual Machine in native code.
# See problematic frame for where to report the bug.
#

---------------  S U M M A R Y ------------

Command Line: -Dfile.encoding=UTF-8 -Duser.country=GB -Duser.language=en -Duser.variant MainKt

Host: 13th Gen Intel(R) Core(TM) i7-13700, 24 cores, 31G,  Windows 11 , 64 bit Build 26100 (10.0.26100.7309)
Time: Thu Jan  8 10:58:41 2026 India Standard Time elapsed time: 820.184260 seconds (0d 0h 13m 40s)

---------------  T H R E A D  ---------------

Current thread (0x00000239eca292c0):  JavaThread "AWT-EventQueue-0"        [_thread_in_native, id=3672, stack(0x000000e820700000,0x000000e820800000) (1024K)]

Stack: [0x000000e820700000,0x000000e820800000],  sp=0x000000e8207fe600,  free space=1017k
Native frames: (J=compiled Java code, j=interpreted, Vv=VM code, C=native code)
C  [skiko-windows-x64.dll+0x4e86a1]

Java frames: (J=compiled Java code, j=interpreted, Vv=VM code)
j  org.jetbrains.skia.impl.Managed._nInvokeFinalizer(JJ)V+0
j  org.jetbrains.skia.impl.Managed$Companion._nInvokeFinalizer(JJ)V+2
j  org.jetbrains.skia.impl.Managed$CleanerThunk.run()V+110
j  org.jetbrains.skia.impl.CleanableImpl.clean()V+15
j  org.jetbrains.skia.impl.Managed.close()V+108
j  org.jetbrains.skiko.context.ContextHandler.dispose()V+12
j  org.jetbrains.skiko.redrawer.Direct3DRedrawer.dispose()V+21
j  org.jetbrains.skiko.SkiaLayer$redrawerManager$1.invoke(Lorg/jetbrains/skiko/GraphicsApi;Lorg/jetbrains/skiko/redrawer/Redrawer;)Lorg/jetbrains/skiko/redrawer/Redrawer;+11
j  org.jetbrains.skiko.SkiaLayer$redrawerManager$1.invoke(Ljava/lang/Object;Ljava/lang/Object;)Ljava/lang/Object;+9
j  org.jetbrains.skiko.redrawer.RedrawerManager.findNextWorkingRenderApi(Z)V+53
j  org.jetbrains.skiko.redrawer.RedrawerManager.findNextWorkingRenderApi$default(Lorg/jetbrains/skiko/redrawer/RedrawerManager;ZILjava/lang/Object;)V+10
j  org.jetbrains.skiko.redrawer.Direct3DRedrawer.draw(Lkotlin/coroutines/Continuation;)Ljava/lang/Object;+408
j  org.jetbrains.skiko.redrawer.Direct3DRedrawer.access$draw(Lorg/jetbrains/skiko/redrawer/Direct3DRedrawer;Lkotlin/coroutines/Continuation;)Ljava/lang/Object;+2
j  org.jetbrains.skiko.redrawer.Direct3DRedrawer$draw$1.invokeSuspend(Ljava/lang/Object;)Ljava/lang/Object;+24
j  kotlin.coroutines.jvm.internal.BaseContinuationImpl.resumeWith(Ljava/lang/Object;)V+40
j  kotlinx.coroutines.DispatchedTask.run()V+294
j  java.awt.event.InvocationEvent.dispatch()V+47 java.desktop
j  java.awt.EventQueue.dispatchEventImpl(Ljava/awt/AWTEvent;Ljava/lang/Object;)V+21 java.desktop
j  java.awt.EventQueue$4.run()Ljava/lang/Void;+32 java.desktop
j  java.awt.EventQueue$4.run()Ljava/lang/Object;+1 java.desktop
J 2681 c1 java.security.AccessController.executePrivileged(Ljava/security/PrivilegedAction;Ljava/security/AccessControlContext;Ljava/lang/Class;)Ljava/lang/Object; java.base@21.0.8 (65 bytes) @ 0x00000239cf2ee644 [0x00000239cf2ee4e0+0x0000000000000164]
j  java.security.AccessController.doPrivileged(Ljava/security/PrivilegedAction;Ljava/security/AccessControlContext;)Ljava/lang/Object;+13 java.base@21.0.8
j  java.security.ProtectionDomain$JavaSecurityAccessImpl.doIntersectionPrivilege(Ljava/security/PrivilegedAction;Ljava/security/AccessControlContext;Ljava/security/AccessControlContext;)Ljava/lang/Object;+18 java.base@21.0.8
j  java.awt.EventQueue.dispatchEvent(Ljava/awt/AWTEvent;)V+46 java.desktop
j  java.awt.EventDispatchThread.pumpOneEventForFilters(I)V+81 java.desktop
j  java.awt.EventDispatchThread.pumpEventsForFilter(ILjava/awt/Conditional;Ljava/awt/EventFilter;)V+35 java.desktop
j  java.awt.EventDispatchThread.pumpEventsForHierarchy(ILjava/awt/Conditional;Ljava/awt/Component;)V+11 java.desktop
j  java.awt.EventDispatchThread.pumpEvents(ILjava/awt/Conditional;)V+4 java.desktop
j  java.awt.EventDispatchThread.pumpEvents(Ljava/awt/Conditional;)V+3 java.desktop
j  java.awt.EventDispatchThread.run()V+18 java.desktop
v  ~StubRoutines::call_stub 0x00000239d624100d

siginfo: EXCEPTION_ACCESS_VIOLATION (0xc0000005), reading address 0x0000000000000000


Registers:
RAX=0x00000239f401b388, RBX=0x00000239f3de9f70, RCX=0x0000000000000000, RDX=0x0000000000000001
RSP=0x000000e8207fe600, RBP=0x0000000000000001, RSI=0x0000000000000000, RDI=0x00000239f1fc6670
R8 =0x00000239f3dea2c0, R9 =0x000000e8207fe6e0, R10=0x00000239d624ce1c, R11=0x0000000622542278
R12=0x0000000000000000, R13=0x00000239ed9815e8, R14=0x0000000000000000, R15=0x00000239eca292c0
RIP=0x00007fff0e6a86a1, EFLAGS=0x0000000000010202

XMM[0]=0x0000000000000000 0x0000000000000000
XMM[1]=0x0000000000000000 0x0000000000000000
XMM[2]=0x0000000000000000 0x0000000000000000
XMM[3]=0x6d006c007301005b 0x6b006a0049690068
XMM[4]=0x0073560073160073 0x0500737000730600
XMM[5]=0xb640103800b65000 0xb64b00b62a2c00b7
XMM[6]=0x0000000000000000 0xfb5fdd6448ab63d2
XMM[7]=0x0000000000000000 0xdafe94a9dace22a9
XMM[8]=0x0000000000000000 0x0b3c73a149abdba9
XMM[9]=0x0000000000000000 0xdbe7730bebd95986
XMM[10]=0x0000000000000000 0x000000000ff1e67b
XMM[11]=0x0000000000000000 0x0e994fb2fa72a938
XMM[12]=0x0000000000000000 0x00000000ebd95986
XMM[13]=0x0000000000000000 0x0000000000000000
XMM[14]=0x0000000000000000 0x0000000000000000
XMM[15]=0x0000000000000000 0x0000000000000000
  MXCSR=0x00001fa0


Register to memory mapping:

RAX=0x00000239f401b388 points into unknown readable memory: 0x0000000000000000 | 00 00 00 00 00 00 00 00
RBX=0x00000239f3de9f70 points into unknown readable memory: 0x00007fff0ef848a0 | a0 48 f8 0e ff 7f 00 00
RCX=0x0 is null
RDX=0x0000000000000001 is an unknown value
RSP=0x000000e8207fe600 is pointing into the stack for thread: 0x00000239eca292c0
RBP=0x0000000000000001 is an unknown value
RSI=0x0 is null
RDI=0x00000239f1fc6670 points into unknown readable memory: 0x00007fff0a052fe0 | e0 2f 05 0a ff 7f 00 00
R8 =0x00000239f3dea2c0 points into unknown readable memory: 0x0000000000000000 | 00 00 00 00 00 00 00 00
R9 =0x000000e8207fe6e0 is pointing into the stack for thread: 0x00000239eca292c0
R10=0x00000239d624ce1c is at code_begin+1020 in an Interpreter codelet
native method entry point (kind = native)  [0x00000239d624ca20, 0x00000239d624d548]  2856 bytes
R11=0x0000000622542278 is an oop: java.lang.Class 
{0x0000000622542278} - klass: 'java/lang/Class'
 - ---- fields (total size 15 words):
 - private volatile transient 'classRedefinedCount' 'I' @12  0 (0x00000000)
 - injected 'klass' 'J' @16  2446018562224 (0x00000239821148b0)
 - injected 'array_klass' 'J' @24  2446019036320 (0x00000239821884a0)
 - injected 'oop_size' 'I' @32  15 (0x0000000f)
 - injected 'static_oop_field_count' 'I' @36  2 (0x00000002)
 - private volatile transient 'cachedConstructor' 'Ljava/lang/reflect/Constructor;' @40  null (0x00000000)
 - private transient 'name' 'Ljava/lang/String;' @44  "org.jetbrains.skia.impl.Managed"{0x0000000622542300} (0xc44a8460)
 - private transient 'module' 'Ljava/lang/Module;' @48  a 'java/lang/Module'{0x000000060509da18} (0xc0a13b43)
 - private final 'classLoader' 'Ljava/lang/ClassLoader;' @52  a 'jdk/internal/loader/ClassLoaders$AppClassLoader'{0x0000000605078610} (0xc0a0f0c2)
 - private transient 'classData' 'Ljava/lang/Object;' @56  null (0x00000000)
 - private transient 'packageName' 'Ljava/lang/String;' @60  "org.jetbrains.skia.impl"{0x0000000622524ae0} (0xc44a495c)
 - private final 'componentType' 'Ljava/lang/Class;' @64  null (0x00000000)
 - private volatile transient 'reflectionData' 'Ljava/lang/ref/SoftReference;' @68  null (0x00000000)
 - private volatile transient 'genericInfo' 'Lsun/reflect/generics/repository/ClassRepository;' @72  null (0x00000000)
 - private volatile transient 'enumConstants' '[Ljava/lang/Object;' @76  null (0x00000000)
 - private volatile transient 'enumConstantDirectory' 'Ljava/util/Map;' @80  null (0x00000000)
 - private volatile transient 'annotationData' 'Ljava/lang/Class$AnnotationData;' @84  null (0x00000000)
 - private volatile transient 'annotationType' 'Lsun/reflect/annotation/AnnotationType;' @88  null (0x00000000)
 - transient 'classValueMap' 'Ljava/lang/ClassValue$ClassValueMap;' @92  null (0x00000000)
 - injected 'protection_domain' 'Ljava/lang/Object;' @96  a 'java/security/ProtectionDomain'{0x00000006050a8ba8} (0xc0a15175)
 - injected 'signers_name' 'Ljava/lang/Object;' @100  null (0x00000000)
 - injected 'source_file' 'Ljava/lang/Object;' @104  null (0x00000000)
 - injected '<init_lock>' 'Ljava/lang/Object;' @108  null (0x00000000)
 - signature: Lorg/jetbrains/skia/impl/Managed;
 - ---- static fields (2):
 - public static final 'Companion' 'Lorg/jetbrains/skia/impl/Managed$Companion;' @112  a 'org/jetbrains/skia/impl/Managed$Companion'{0x00000006225422f0} (0xc44a845e)
 - private static final 'CLEANER' 'Lorg/jetbrains/skia/impl/Cleaner;' @116  a 'org/jetbrains/skia/impl/Cleaner'{0x00000006225255b8} (0xc44a4ab7)
R12=0x0 is null
R13=0x00000239ed9815e8 is pointing into metadata
R14=0x0 is null
R15=0x00000239eca292c0 is a thread

Top of Stack: (sp=0x000000e8207fe600)
0x000000e8207fe600:   00000239f401b1b8 0000000000000000
0x000000e8207fe610:   0000000000000000 00000239f3cd2890
0x000000e8207fe620:   00000239f401b448 00007fff0e4a8cd7
0x000000e8207fe630:   00000239f401b120 00000239f401b120
0x000000e8207fe640:   00000239eca292c0 0000000000000000
0x000000e8207fe650:   000000e8207fe848 00000239f401b120
0x000000e8207fe660:   0000000000000000 00007fff0e4744eb
0x000000e8207fe670:   000000e8207fe848 0000000000000000
0x000000e8207fe680:   000000e8207fe810 000000e8207fe810
0x000000e8207fe690:   0000000000000000 00007fff0e36fcca
0x000000e8207fe6a0:   00000239f3d14390 0000000000000000
0x000000e8207fe6b0:   00000239eca292c0 00000239ecc762c8
0x000000e8207fe6c0:   0000000000000000 000000e8207fe9e8
0x000000e8207fe6d0:   0000000000000000 0000000000000000
0x000000e8207fe6e0:   0000000000000000 0000000000000000
0x000000e8207fe6f0:   0000000000000000 0000000000000000
0x000000e8207fe700:   0000000000000000 0000000000000000
0x000000e8207fe710:   00000239f3d14390 00007fff0e36cb6c
0x000000e8207fe720:   00000239f3d14390 00000239ee4cea20
0x000000e8207fe730:   0000020000000000 000000e8207fea58
0x000000e8207fe740:   00000239f3d14390 00007fff0e36d1f4
0x000000e8207fe750:   0000000000000001 00000239ee4cea20
0x000000e8207fe760:   0000000000000000 0000020000000000
0x000000e8207fe770:   0000000000000110 00000239d624ce4b
0x000000e8207fe780:   00000239ed9815f0 00000239ed981450
0x000000e8207fe790:   00000239eca292c0 00000239ed981450
0x000000e8207fe7a0:   00000239eca292c0 0000000600000001
0x000000e8207fe7b0:   0000000000000000 0000000000000000
0x000000e8207fe7c0:   00000239eca292c0 000000e8207fe7c8
0x000000e8207fe7d0:   0000000000000000 0000000000000007
0x000000e8207fe7e0:   00000239ed983568 0000000000000000
0x000000e8207fe7f0:   0000000622542278 00000239ed9815f0 

Instructions: (pc=0x00007fff0e6a86a1)
0x00007fff0e6a85a1:   8b 4c 24 48 48 33 cc e8 a3 b1 b2 ff 48 81 c4 88
0x00007fff0e6a85b1:   00 00 00 c3 cc cc cc cc cc cc cc cc cc cc cc cc
0x00007fff0e6a85c1:   cc cc cc cc cc cc cc cc cc cc cc cc cc cc cc cc
0x00007fff0e6a85d1:   cc cc cc cc cc cc cc cc cc cc cc cc cc cc cc cc
0x00007fff0e6a85e1:   cc cc cc cc cc cc cc cc cc cc cc cc cc cc cc cc
0x00007fff0e6a85f1:   cc cc cc cc cc cc cc cc cc cc cc cc cc cc cc cc
0x00007fff0e6a8601:   cc cc cc cc cc cc cc cc cc cc cc cc cc cc cc cc
0x00007fff0e6a8611:   cc cc cc cc cc cc cc cc cc cc cc cc cc cc cc 48
0x00007fff0e6a8621:   8b 49 08 48 8b 01 48 ff a0 a8 00 00 00 cc cc cc
0x00007fff0e6a8631:   cc cc cc cc cc cc cc cc cc cc cc cc cc cc cc b9
0x00007fff0e6a8641:   05 00 00 00 cd 29 c3 cc cc cc cc cc cc cc cc 48
0x00007fff0e6a8651:   89 5c 24 10 57 48 83 ec 20 80 b9 40 03 00 00 00
0x00007fff0e6a8661:   48 8b fa 48 8b d9 75 23 48 81 c1 e0 03 00 00 e8
0x00007fff0e6a8671:   eb 37 b2 ff 33 c0 c7 83 e8 03 00 00 00 00 00 00
0x00007fff0e6a8681:   48 8b 5c 24 38 48 83 c4 20 5f c3 8b 91 d8 03 00
0x00007fff0e6a8691:   00 85 d2 74 1e 48 8b 49 08 4c 8b 83 d0 03 00 00
0x00007fff0e6a86a1:   48 8b 01 ff 90 d0 00 00 00 c7 83 d8 03 00 00 00
0x00007fff0e6a86b1:   00 00 00 48 8b 4b 08 48 8b 01 ff 50 48 85 c0 79
0x00007fff0e6a86c1:   10 b8 02 00 00 00 48 8b 5c 24 38 48 83 c4 20 5f
0x00007fff0e6a86d1:   c3 48 8b 43 08 4c 8d 44 24 30 4c 8b 0f ba 01 00
0x00007fff0e6a86e1:   00 00 48 8b cf 48 89 44 24 30 41 ff 51 50 48 8b
0x00007fff0e6a86f1:   5c 24 38 b8 01 00 00 00 48 83 c4 20 5f c3 cc cc
0x00007fff0e6a8701:   cc cc cc cc cc cc cc cc cc cc cc cc cc cc cc cc
0x00007fff0e6a8711:   cc cc cc cc cc cc cc cc cc cc cc cc cc cc cc cc
0x00007fff0e6a8721:   cc cc cc cc cc cc cc cc cc cc cc cc cc cc cc 40
0x00007fff0e6a8731:   53 48 83 ec 20 8b 91 d8 03 00 00 48 8b d9 85 d2
0x00007fff0e6a8741:   74 1e 48 8b 49 08 4c 8b 83 d0 03 00 00 48 8b 01
0x00007fff0e6a8751:   ff 90 d0 00 00 00 c7 83 d8 03 00 00 00 00 00 00
0x00007fff0e6a8761:   48 83 c4 20 5b c3 cc cc cc cc cc cc cc cc cc cc
0x00007fff0e6a8771:   cc cc cc cc cc cc cc cc cc cc cc cc cc cc cc 48
0x00007fff0e6a8781:   89 5c 24 10 48 89 74 24 18 57 48 83 ec 20 48 8b
0x00007fff0e6a8791:   f1 49 8b d8 48 81 c1 d0 03 00 00 48 8b fa e8 01 


Stack slot to memory mapping:

stack at sp + 0 slots: 0x00000239f401b1b8 points into unknown readable memory: 0x00000239f401b120 | 20 b1 01 f4 39 02 00 00
stack at sp + 1 slots: 0x0 is null
stack at sp + 2 slots: 0x0 is null
stack at sp + 3 slots: 0x00000239f3cd2890 points into unknown readable memory: 0x00000239f3d14390 | 90 43 d1 f3 39 02 00 00
stack at sp + 4 slots: 0x00000239f401b448 points into unknown readable memory: 0x00000239f3de9f70 | 70 9f de f3 39 02 00 00
stack at sp + 5 slots: 0x00007fff0e4a8cd7 skiko-windows-x64.dll
stack at sp + 6 slots: 0x00000239f401b120 points into unknown readable memory: 0x00007fff0ef67628 | 28 76 f6 0e ff 7f 00 00
stack at sp + 7 slots: 0x00000239f401b120 points into unknown readable memory: 0x00007fff0ef67628 | 28 76 f6 0e ff 7f 00 00


Compiled method (c1) 820237 2681       3       java.security.AccessController::executePrivileged (65 bytes)
 total in heap  [0x00000239cf2ee310,0x00000239cf2ee900] = 1520
 relocation     [0x00000239cf2ee470,0x00000239cf2ee4d8] = 104
 main code      [0x00000239cf2ee4e0,0x00000239cf2ee788] = 680
 stub code      [0x00000239cf2ee788,0x00000239cf2ee7e0] = 88
 metadata       [0x00000239cf2ee7e0,0x00000239cf2ee7f0] = 16
 scopes data    [0x00000239cf2ee7f0,0x00000239cf2ee868] = 120
 scopes pcs     [0x00000239cf2ee868,0x00000239cf2ee8e8] = 128
 dependencies   [0x00000239cf2ee8e8,0x00000239cf2ee8f0] = 8
 nul chk table  [0x00000239cf2ee8f0,0x00000239cf2ee900] = 16

[Constant Pool (empty)]

[MachCode]
[Verified Entry Point]
  # {method} {0x0000023980b3dcd8} 'executePrivileged' '(Ljava/security/PrivilegedAction;Ljava/security/AccessControlContext;Ljava/lang/Class;)Ljava/lang/Object;' in 'java/security/AccessController'
  # parm0:    rdx:rdx   = 'java/security/PrivilegedAction'
  # parm1:    r8:r8     = 'java/security/AccessControlContext'
  # parm2:    r9:r9     = 'java/lang/Class'
  #           [sp+0x50]  (sp of caller)
  0x00000239cf2ee4e0: 8984 2400 | 80ff ff55 | 4883 ec40 | 4181 7f20 | 0300 0000 

  0x00000239cf2ee4f4: ;   {runtime_call StubRoutines (final stubs)}
  0x00000239cf2ee4f4: 7405 e865 | 68f8 064c | 8944 2430 

  0x00000239cf2ee500: ;   {metadata(method data for {method} {0x0000023980b3dcd8} 'executePrivileged' '(Ljava/security/PrivilegedAction;Ljava/security/AccessControlContext;Ljava/lang/Class;)Ljava/lang/Object;' in 'java/security/AccessController')}
  0x00000239cf2ee500: 48be d07a | 0aed 3902 | 0000 8bbe | cc00 0000 | 83c7 0289 | becc 0000 | 0081 e7fe | 0700 0085 
  0x00000239cf2ee520: ff0f 84bf | 0100 004d 

  0x00000239cf2ee528: ;   {metadata(method data for {method} {0x0000023980b3dcd8} 'executePrivileged' '(Ljava/security/PrivilegedAction;Ljava/security/AccessControlContext;Ljava/lang/Class;)Ljava/lang/Object;' in 'java/security/AccessController')}
  0x00000239cf2ee528: 85c0 48be | d07a 0aed | 3902 0000 | 48c7 c710 | 0100 0074 | 0748 c7c7 | 2001 0000 | 488b 1c3e 
  0x00000239cf2ee548: 488d 5b01 | 4889 1c3e | 4c89 4c24 | 2848 8954 | 2420 0f84 | 2400 0000 

  0x00000239cf2ee560: ;   {metadata(method data for {method} {0x0000023980b3dcd8} 'executePrivileged' '(Ljava/security/PrivilegedAction;Ljava/security/AccessControlContext;Ljava/lang/Class;)Ljava/lang/Object;' in 'java/security/AccessController')}
  0x00000239cf2ee560: 48be d07a | 0aed 3902 | 0000 4883 | 8630 0100 | 0001 498b 

  0x00000239cf2ee574: ;   {static_call}
  0x00000239cf2ee574: d066 90e8 

  0x00000239cf2ee578: ; ImmutableOopMap {[32]=Oop [40]=Oop [48]=Oop }
                      ;*invokestatic ensureMaterializedForStackWalk {reexecute=0 rethrow=0 return_oop=0}
                      ; - java.security.AccessController::executePrivileged@5 (line 774)
  0x00000239cf2ee578: 2002 0000 

  0x00000239cf2ee57c: ;   {other}
  0x00000239cf2ee57c: 0f1f 8400 | 6c02 0000 

  0x00000239cf2ee584: ;   {metadata(method data for {method} {0x0000023980b3dcd8} 'executePrivileged' '(Ljava/security/PrivilegedAction;Ljava/security/AccessControlContext;Ljava/lang/Class;)Ljava/lang/Object;' in 'java/security/AccessController')}
  0x00000239cf2ee584: 48ba d07a | 0aed 3902 | 0000 ff82 | 4001 0000 | 488b 5424 | 2048 3b02 

  0x00000239cf2ee59c: ;   {metadata(method data for {method} {0x0000023980b3dcd8} 'executePrivileged' '(Ljava/security/PrivilegedAction;Ljava/security/AccessControlContext;Ljava/lang/Class;)Ljava/lang/Object;' in 'java/security/AccessController')}
  0x00000239cf2ee59c: 488b f248 | bfd0 7a0a | ed39 0200 | 008b 7608 | 49ba 0000 | 0080 3902 | 0000 4903 | f248 3bb7 
  0x00000239cf2ee5bc: b001 0000 | 750d 4883 | 87b8 0100 | 0001 e960 | 0000 0048 | 3bb7 c001 | 0000 750d | 4883 87c8 
  0x00000239cf2ee5dc: 0100 0001 | e94a 0000 | 0048 83bf | b001 0000 | 0075 1748 | 89b7 b001 | 0000 48c7 | 87b8 0100 
  0x00000239cf2ee5fc: 0001 0000 | 00e9 2900 | 0000 4883 | bfc0 0100 | 0000 7517 | 4889 b7c0 | 0100 0048 | c787 c801 
  0x00000239cf2ee61c: 0000 0100 | 0000 e908 | 0000 0048 | 8387 a001 | 0000 0166 | 0f1f 4400 | 0048 b8ff | ffff ffff 
  0x00000239cf2ee63c: ;   {virtual_call}
  0x00000239cf2ee63c: ffff ffe8 

  0x00000239cf2ee640: ; ImmutableOopMap {[40]=Oop [48]=Oop }
                      ;*invokeinterface run {reexecute=0 rethrow=0 return_oop=0}
                      ; - java.security.AccessController::executePrivileged@29 (line 778)
  0x00000239cf2ee640: 5cd6 f906 

  0x00000239cf2ee644: ;   {other}
  0x00000239cf2ee644: 0f1f 8400 | 3403 0001 

  0x00000239cf2ee64c: ;   {metadata(method data for {method} {0x0000023980b3dcd8} 'executePrivileged' '(Ljava/security/PrivilegedAction;Ljava/security/AccessControlContext;Ljava/lang/Class;)Ljava/lang/Object;' in 'java/security/AccessController')}
  0x00000239cf2ee64c: 48be d07a | 0aed 3902 | 0000 ff86 | d801 0000 | 4c8b 4c24 

  0x00000239cf2ee660: ;   {metadata(method data for {method} {0x0000023980b3dcd8} 'executePrivileged' '(Ljava/security/PrivilegedAction;Ljava/security/AccessControlContext;Ljava/lang/Class;)Ljava/lang/Object;' in 'java/security/AccessController')}
  0x00000239cf2ee660: 2848 bed0 | 7a0a ed39 | 0200 0048 | 8386 3802 

  0x00000239cf2ee670: ;   {metadata(method data for {method} {0x00000239800476f8} 'reachabilityFence' '(Ljava/lang/Object;)V' in 'java/lang/ref/Reference')}
  0x00000239cf2ee670: 0000 0148 | be20 f702 | ed39 0200 | 008b becc | 0000 0083 | c702 89be | cc00 0000 | 81e7 feff 
  0x00000239cf2ee690: 1f00 85ff | 0f84 7200 

  0x00000239cf2ee698: ;   {metadata(method data for {method} {0x0000023980b3dcd8} 'executePrivileged' '(Ljava/security/PrivilegedAction;Ljava/security/AccessControlContext;Ljava/lang/Class;)Ljava/lang/Object;' in 'java/security/AccessController')}
  0x00000239cf2ee698: 0000 48be | d07a 0aed | 3902 0000 | 4883 8648 | 0200 0001 

  0x00000239cf2ee6ac: ;   {metadata(method data for {method} {0x00000239800476f8} 'reachabilityFence' '(Ljava/lang/Object;)V' in 'java/lang/ref/Reference')}
  0x00000239cf2ee6ac: 48be 20f7 | 02ed 3902 | 0000 8bbe | cc00 0000 | 83c7 0289 | becc 0000 | 0081 e7fe | ff1f 0085 
  0x00000239cf2ee6cc: ff0f 845a | 0000 0048 | 83c4 405d 

  0x00000239cf2ee6d8: ;   {poll_return}
  0x00000239cf2ee6d8: 493b a748 | 0400 000f | 8766 0000 

  0x00000239cf2ee6e4: ;   {metadata({method} {0x0000023980b3dcd8} 'executePrivileged' '(Ljava/security/PrivilegedAction;Ljava/security/AccessControlContext;Ljava/lang/Class;)Ljava/lang/Object;' in 'java/security/AccessController')}
  0x00000239cf2ee6e4: 00c3 49ba | d0dc b380 | 3902 0000 | 4c89 5424 | 0848 c704 | 24ff ffff 

  0x00000239cf2ee6fc: ;   {runtime_call counter_overflow Runtime1 stub}
  0x00000239cf2ee6fc: ffe8 7eb1 

  0x00000239cf2ee700: ; ImmutableOopMap {rdx=Oop r8=Oop r9=Oop [48]=Oop }
                      ;*synchronization entry
                      ; - java.security.AccessController::executePrivileged@-1 (line 773)
  0x00000239cf2ee700: 0607 e920 

  0x00000239cf2ee704: ;   {runtime_call throw_null_pointer_exception Runtime1 stub}
  0x00000239cf2ee704: feff ffe8 

  0x00000239cf2ee708: ; ImmutableOopMap {rdx=Oop [40]=Oop [48]=Oop }
                      ;*invokeinterface run {reexecute=0 rethrow=0 return_oop=0}
                      ; - java.security.AccessController::executePrivileged@29 (line 778)
  0x00000239cf2ee708: 743b 0607 

  0x00000239cf2ee70c: ;   {metadata({method} {0x00000239800476f8} 'reachabilityFence' '(Ljava/lang/Object;)V' in 'java/lang/ref/Reference')}
  0x00000239cf2ee70c: 49ba f076 | 0480 3902 | 0000 4c89 | 5424 0848 | c704 24ff 

  0x00000239cf2ee720: ;   {runtime_call counter_overflow Runtime1 stub}
  0x00000239cf2ee720: ffff ffe8 

  0x00000239cf2ee724: ; ImmutableOopMap {rax=Oop r9=Oop }
                      ;*synchronization entry
                      ; - java.lang.ref.Reference::reachabilityFence@-1 (line 628)
                      ; - java.security.AccessController::executePrivileged@56 (line 783)
  0x00000239cf2ee724: 58b1 0607 | e96d ffff 

  0x00000239cf2ee72c: ;   {metadata({method} {0x00000239800476f8} 'reachabilityFence' '(Ljava/lang/Object;)V' in 'java/lang/ref/Reference')}
  0x00000239cf2ee72c: ff49 baf0 | 7604 8039 | 0200 004c | 8954 2408 | 48c7 0424 | ffff ffff 

  0x00000239cf2ee744: ;   {runtime_call counter_overflow Runtime1 stub}
  0x00000239cf2ee744: e837 b106 

  0x00000239cf2ee748: ; ImmutableOopMap {rax=Oop }
                      ;*synchronization entry
                      ; - java.lang.ref.Reference::reachabilityFence@-1 (line 628)
                      ; - java.security.AccessController::executePrivileged@60 (line 784)
                      ;   {internal_word}
  0x00000239cf2ee748: 07eb 8849 | bad8 e62e | cf39 0200 | 004d 8997 | 6004 0000 

  0x00000239cf2ee75c: ;   {runtime_call SafepointBlob}
  0x00000239cf2ee75c: e99f 6ffa | 0649 8b87 | f804 0000 | 49c7 87f8 | 0400 0000 | 0000 0049 | c787 0005 | 0000 0000 
  0x00000239cf2ee77c: 0000 4883 

  0x00000239cf2ee780: ;   {runtime_call unwind_exception Runtime1 stub}
  0x00000239cf2ee780: c440 5de9 | 7822 0607 
[Stub Code]
  0x00000239cf2ee788: ;   {no_reloc}
  0x00000239cf2ee788: 0f1f 4400 

  0x00000239cf2ee78c: ;   {static_stub}
  0x00000239cf2ee78c: 0048 bb00 | 0000 0000 

  0x00000239cf2ee794: ;   {runtime_call nmethod}
  0x00000239cf2ee794: 0000 00e9 | fbff ffff 

  0x00000239cf2ee79c: ;   {static_stub}
  0x00000239cf2ee79c: 48bb 80da | b380 3902 

  0x00000239cf2ee7a4: ;   {runtime_call I2C/C2I adapters}
  0x00000239cf2ee7a4: 0000 e9b8 

  0x00000239cf2ee7a8: ;   {runtime_call handle_exception_from_callee Runtime1 stub}
  0x00000239cf2ee7a8: 4cfa 06e8 | d058 0607 

  0x00000239cf2ee7b0: ;   {external_word}
  0x00000239cf2ee7b0: 48b9 40e7 | 6219 ff7f | 0000 4883 

  0x00000239cf2ee7bc: ;   {runtime_call}
  0x00000239cf2ee7bc: e4f0 48b8 | 70f3 2419 | ff7f 0000 

  0x00000239cf2ee7c8: ;   {section_word}
  0x00000239cf2ee7c8: ffd0 f449 | bacb e72e | cf39 0200 

  0x00000239cf2ee7d4: ;   {runtime_call DeoptimizationBlob}
  0x00000239cf2ee7d4: 0041 52e9 | c461 fa06 | f4f4 f4f4 
[/MachCode]


---------------  P R O C E S S  ---------------

Threads class SMR info:
_java_thread_list=0x00000239ecabc8b0, length=26, elements={
0x00000239cad9f9f0, 0x00000239e8d50c20, 0x00000239e8d58cf0, 0x00000239e8d5b760,
0x00000239e8d67eb0, 0x00000239e8d68910, 0x00000239e8d69ee0, 0x00000239e8d6b4b0,
0x00000239e8d6c240, 0x00000239ec1265c0, 0x00000239ec2863f0, 0x00000239ecbdeac0,
0x00000239eca20440, 0x00000239eca21d50, 0x00000239eca292c0, 0x00000239f14c5a70,
0x00000239f14b33f0, 0x00000239f1524720, 0x00000239f1522ce0, 0x00000239f1521fc0,
0x00000239f3fcab20, 0x00000239f42d3470, 0x00000239f42d4210, 0x00000239f42d48e0,
0x00000239f3fdfe50, 0x00000239f3fe2730
}

Java Threads: ( => current thread )
  0x00000239cad9f9f0 JavaThread "main"                              [_thread_blocked, id=8880, stack(0x000000e81f000000,0x000000e81f100000) (1024K)]
  0x00000239e8d50c20 JavaThread "Common-Cleaner"             daemon [_thread_blocked, id=9956, stack(0x000000e81f800000,0x000000e81f900000) (1024K)]
  0x00000239e8d58cf0 JavaThread "Reference Handler"          daemon [_thread_blocked, id=15308, stack(0x000000e81f900000,0x000000e81fa00000) (1024K)]
  0x00000239e8d5b760 JavaThread "Finalizer"                  daemon [_thread_blocked, id=2080, stack(0x000000e81fa00000,0x000000e81fb00000) (1024K)]
  0x00000239e8d67eb0 JavaThread "Signal Dispatcher"          daemon [_thread_blocked, id=3536, stack(0x000000e81fb00000,0x000000e81fc00000) (1024K)]
  0x00000239e8d68910 JavaThread "Attach Listener"            daemon [_thread_blocked, id=8208, stack(0x000000e81fc00000,0x000000e81fd00000) (1024K)]
  0x00000239e8d69ee0 JavaThread "Service Thread"             daemon [_thread_blocked, id=12376, stack(0x000000e81fd00000,0x000000e81fe00000) (1024K)]
  0x00000239e8d6b4b0 JavaThread "Monitor Deflation Thread"   daemon [_thread_blocked, id=14232, stack(0x000000e81fe00000,0x000000e81ff00000) (1024K)]
  0x00000239e8d6c240 JavaThread "C2 CompilerThread0"         daemon [_thread_blocked, id=10792, stack(0x000000e81ff00000,0x000000e820000000) (1024K)]
  0x00000239ec1265c0 JavaThread "C1 CompilerThread0"         daemon [_thread_blocked, id=12688, stack(0x000000e820000000,0x000000e820100000) (1024K)]
  0x00000239ec2863f0 JavaThread "Notification Thread"        daemon [_thread_blocked, id=18180, stack(0x000000e820200000,0x000000e820300000) (1024K)]
  0x00000239ecbdeac0 JavaThread "Java2D Disposer"            daemon [_thread_blocked, id=15012, stack(0x000000e820400000,0x000000e820500000) (1024K)]
  0x00000239eca20440 JavaThread "AWT-Shutdown"                      [_thread_blocked, id=16132, stack(0x000000e820500000,0x000000e820600000) (1024K)]
  0x00000239eca21d50 JavaThread "AWT-Windows"                daemon [_thread_in_native, id=5772, stack(0x000000e820600000,0x000000e820700000) (1024K)]
=>0x00000239eca292c0 JavaThread "AWT-EventQueue-0"                  [_thread_in_native, id=3672, stack(0x000000e820700000,0x000000e820800000) (1024K)]
  0x00000239f14c5a70 JavaThread "DefaultDispatcher-worker-1" daemon [_thread_blocked, id=2820, stack(0x000000e821400000,0x000000e821500000) (1024K)]
  0x00000239f14b33f0 JavaThread "DefaultDispatcher-worker-2" daemon [_thread_blocked, id=15812, stack(0x000000e821500000,0x000000e821600000) (1024K)]
  0x00000239f1524720 JavaThread "DefaultDispatcher-worker-3" daemon [_thread_blocked, id=17884, stack(0x000000e821600000,0x000000e821700000) (1024K)]
  0x00000239f1522ce0 JavaThread "kotlinx.coroutines.DefaultExecutor" daemon [_thread_blocked, id=18008, stack(0x000000e821700000,0x000000e821800000) (1024K)]
  0x00000239f1521fc0 JavaThread "Reference Cleaner"          daemon [_thread_blocked, id=1576, stack(0x000000e821800000,0x000000e821900000) (1024K)]
  0x00000239f3fcab20 JavaThread "pool-1-thread-2"            daemon [_thread_blocked, id=18336, stack(0x000000e81ed00000,0x000000e81ee00000) (1024K)]
  0x00000239f42d3470 JavaThread "C1 CompilerThread1"         daemon [_thread_blocked, id=13360, stack(0x000000e81ee00000,0x000000e81ef00000) (1024K)]
  0x00000239f42d4210 JavaThread "C1 CompilerThread2"         daemon [_thread_blocked, id=13952, stack(0x000000e81ef00000,0x000000e81f000000) (1024K)]
  0x00000239f42d48e0 JavaThread "C1 CompilerThread3"         daemon [_thread_blocked, id=10764, stack(0x000000e820100000,0x000000e820200000) (1024K)]
  0x00000239f3fdfe50 JavaThread "C2 CompilerThread1"         daemon [_thread_blocked, id=4352, stack(0x000000e820300000,0x000000e820400000) (1024K)]
  0x00000239f3fe2730 JavaThread "C2 CompilerThread2"         daemon [_thread_blocked, id=14452, stack(0x000000e820800000,0x000000e820900000) (1024K)]
Total: 26

Other Threads:
  0x00000239e8d35340 VMThread "VM Thread"                           [id=15312, stack(0x000000e81f700000,0x000000e81f800000) (1024K)]
  0x00000239ec121270 WatcherThread "VM Periodic Task Thread"        [id=10136, stack(0x000000e81f600000,0x000000e81f700000) (1024K)]
  0x00000239cae4c0f0 WorkerThread "GC Thread#0"                     [id=4452, stack(0x000000e81f100000,0x000000e81f200000) (1024K)]
  0x00000239f12cd1a0 WorkerThread "GC Thread#1"                     [id=17892, stack(0x000000e820900000,0x000000e820a00000) (1024K)]
  0x00000239f12cecb0 WorkerThread "GC Thread#2"                     [id=9016, stack(0x000000e820a00000,0x000000e820b00000) (1024K)]
  0x00000239f12cf050 WorkerThread "GC Thread#3"                     [id=9452, stack(0x000000e820b00000,0x000000e820c00000) (1024K)]
  0x00000239f12cf3f0 WorkerThread "GC Thread#4"                     [id=5076, stack(0x000000e820c00000,0x000000e820d00000) (1024K)]
  0x00000239f12cbc80 WorkerThread "GC Thread#5"                     [id=8832, stack(0x000000e820d00000,0x000000e820e00000) (1024K)]
  0x00000239f12cc430 WorkerThread "GC Thread#6"                     [id=3628, stack(0x000000e820e00000,0x000000e820f00000) (1024K)]
  0x00000239f12c4230 WorkerThread "GC Thread#7"                     [id=17840, stack(0x000000e820f00000,0x000000e821000000) (1024K)]
  0x00000239f12c5450 WorkerThread "GC Thread#8"                     [id=13536, stack(0x000000e821000000,0x000000e821100000) (1024K)]
  0x00000239f12c50b0 WorkerThread "GC Thread#9"                     [id=9748, stack(0x000000e821100000,0x000000e821200000) (1024K)]
  0x00000239f12c57f0 WorkerThread "GC Thread#10"                    [id=6756, stack(0x000000e821200000,0x000000e821300000) (1024K)]
  0x00000239f12c5b90 WorkerThread "GC Thread#11"                    [id=10912, stack(0x000000e821300000,0x000000e821400000) (1024K)]
  0x00000239cae5da60 ConcurrentGCThread "G1 Main Marker"            [id=2364, stack(0x000000e81f200000,0x000000e81f300000) (1024K)]
  0x00000239cae5e560 WorkerThread "G1 Conc#0"                       [id=11980, stack(0x000000e81f300000,0x000000e81f400000) (1024K)]
  0x00000239f17f9690 WorkerThread "G1 Conc#1"                       [id=18060, stack(0x000000e822100000,0x000000e822200000) (1024K)]
  0x00000239f17f8810 WorkerThread "G1 Conc#2"                       [id=1732, stack(0x000000e822200000,0x000000e822300000) (1024K)]
  0x00000239f17fac50 WorkerThread "G1 Conc#3"                       [id=15472, stack(0x000000e822300000,0x000000e822400000) (1024K)]
  0x00000239f17f8f50 WorkerThread "G1 Conc#4"                       [id=16920, stack(0x000000e822400000,0x000000e822500000) (1024K)]
  0x00000239e8c76560 ConcurrentGCThread "G1 Refine#0"               [id=6064, stack(0x000000e81f400000,0x000000e81f500000) (1024K)]
  0x00000239e8c79b00 ConcurrentGCThread "G1 Service"                [id=12624, stack(0x000000e81f500000,0x000000e81f600000) (1024K)]
Total: 22

Threads with active compile tasks:
Total: 0

VM state: not at safepoint (normal execution)

VM Mutex/Monitor currently owned by a thread: None

Heap address: 0x0000000605000000, size: 8112 MB, Compressed Oops mode: Zero based, Oop shift amount: 3

CDS archive(s) mapped at: [0x0000023980000000-0x0000023981c20000-0x0000023981c20000), size 29491200, SharedBaseAddress: 0x0000023980000000, ArchiveRelocationMode: 1.
Compressed class space mapped at: 0x0000023982000000-0x00000239c2000000, reserved size: 1073741824
Narrow klass base: 0x0000023980000000, Narrow klass shift: 0, Narrow klass range: 0x100000000

GC Precious Log:
 CardTable entry size: 512
 Card Set container configuration: InlinePtr #cards 4 size 8 Array Of Cards #cards 32 size 80 Howl #buckets 8 coarsen threshold 7372 Howl Bitmap #cards 1024 size 144 coarsen threshold 921 Card regions per heap region 1 cards per card region 8192
 CPUs: 24 total, 24 available
 Memory: 32437M
 Large Page Support: Disabled
 NUMA Support: Disabled
 Compressed Oops: Enabled (Zero based)
 Heap Region Size: 4M
 Heap Min Capacity: 8M
 Heap Initial Capacity: 508M
 Heap Max Capacity: 8112M
 Pre-touch: Disabled
 Parallel Workers: 18
 Concurrent Workers: 5
 Concurrent Refinement Workers: 18
 Periodic GC: Disabled

Heap:
 garbage-first heap   total 40960K, used 18983K [0x0000000605000000, 0x0000000800000000)
  region size 4096K, 6 young (24576K), 1 survivors (4096K)
 Metaspace       used 24795K, committed 25024K, reserved 1114112K
  class space    used 2503K, committed 2624K, reserved 1048576K

Heap Regions: E=young(eden), S=young(survivor), O=old, HS=humongous(starts), HC=humongous(continues), CS=collection set, F=free, TAMS=top-at-mark-start, PB=parsable bottom
|   0|0x0000000605000000, 0x0000000605400000, 0x0000000605400000|100%| O|  |TAMS 0x0000000605000000| PB 0x0000000605000000| Untracked 
|   1|0x0000000605400000, 0x00000006054483c0, 0x0000000605800000|  7%| O|Cm|TAMS 0x0000000605400000| PB 0x0000000605400000| Complete 
|   2|0x0000000605800000, 0x0000000605800000, 0x0000000605c00000|  0%| F|  |TAMS 0x0000000605800000| PB 0x0000000605800000| Untracked 
|   3|0x0000000605c00000, 0x0000000605c00000, 0x0000000606000000|  0%| F|  |TAMS 0x0000000605c00000| PB 0x0000000605c00000| Untracked 
|   4|0x0000000606000000, 0x00000006060db6f0, 0x0000000606400000| 21%| E|  |TAMS 0x0000000606000000| PB 0x0000000606000000| Complete 
|   5|0x0000000606400000, 0x0000000606800000, 0x0000000606800000|100%| E|CS|TAMS 0x0000000606400000| PB 0x0000000606400000| Complete 
|   6|0x0000000606800000, 0x0000000606c00000, 0x0000000606c00000|100%| E|  |TAMS 0x0000000606800000| PB 0x0000000606800000| Complete 
|   7|0x0000000606c00000, 0x0000000607000000, 0x0000000607000000|100%| E|CS|TAMS 0x0000000606c00000| PB 0x0000000606c00000| Complete 
| 117|0x0000000622400000, 0x0000000622641a90, 0x0000000622800000| 56%| S|CS|TAMS 0x0000000622400000| PB 0x0000000622400000| Complete 
| 126|0x0000000624800000, 0x0000000624c00000, 0x0000000624c00000|100%| E|CS|TAMS 0x0000000624800000| PB 0x0000000624800000| Complete 

Card table byte_map: [0x00000239dfbc0000,0x00000239e0ba0000] _byte_map_base: 0x00000239dcb98000

Marking Bits: (CMBitMap*) 0x00000239cae4d400
 Bits: [0x00000239e0ba0000, 0x00000239e8a60000)

Polling page: 0x00000239c8b60000

Metaspace:

Usage:
  Non-class:     21.77 MB used.
      Class:      2.44 MB used.
       Both:     24.21 MB used.

Virtual space:
  Non-class space:       64.00 MB reserved,      21.88 MB ( 34%) committed,  1 nodes.
      Class space:        1.00 GB reserved,       2.56 MB ( <1%) committed,  1 nodes.
             Both:        1.06 GB reserved,      24.44 MB (  2%) committed. 

Chunk freelists:
   Non-Class:  10.15 MB
       Class:  13.40 MB
        Both:  23.55 MB

MaxMetaspaceSize: unlimited
CompressedClassSpaceSize: 1.00 GB
Initial GC threshold: 21.00 MB
Current GC threshold: 35.12 MB
CDS: on
 - commit_granule_bytes: 65536.
 - commit_granule_words: 8192.
 - virtual_space_node_default_size: 8388608.
 - enlarge_chunks_in_place: 1.
 - use_allocation_guard: 0.


Internal statistics:

num_allocs_failed_limit: 3.
num_arena_births: 204.
num_arena_deaths: 0.
num_vsnodes_births: 2.
num_vsnodes_deaths: 0.
num_space_committed: 391.
num_space_uncommitted: 0.
num_chunks_returned_to_freelist: 3.
num_chunks_taken_from_freelist: 840.
num_chunk_merges: 3.
num_chunk_splits: 684.
num_chunks_enlarged: 596.
num_inconsistent_stats: 0.

CodeHeap 'non-profiled nmethods': size=119168Kb used=978Kb max_used=978Kb free=118189Kb
 bounds [0x00000239d6990000, 0x00000239d6c00000, 0x00000239dddf0000]
CodeHeap 'profiled nmethods': size=119104Kb used=5126Kb max_used=5126Kb free=113977Kb
 bounds [0x00000239cedf0000, 0x00000239cf300000, 0x00000239d6240000]
CodeHeap 'non-nmethods': size=7488Kb used=4016Kb max_used=4052Kb free=3471Kb
 bounds [0x00000239d6240000, 0x00000239d6640000, 0x00000239d6990000]
CodeCache: size=245760Kb, used=10120Kb, max_used=10156Kb, free=235637Kb
 total_blobs=3912, nmethods=2689, adapters=1124, full_count=0
Compilation: enabled, stopped_count=0, restarted_count=0

Compilation events (20 events):
Event: 820.163 Thread 0x00000239e8d6c240 2680       4       java.util.regex.Pattern$Node::study (21 bytes)
Event: 820.163 Thread 0x00000239f42d4210 2681       3       java.security.AccessController::executePrivileged (65 bytes)
Event: 820.163 Thread 0x00000239f42d4210 nmethod 2681 0x00000239cf2ee310 code [0x00000239cf2ee4e0, 0x00000239cf2ee7e0]
Event: 820.164 Thread 0x00000239e8d6c240 nmethod 2680 0x00000239d6a7ef10 code [0x00000239d6a7f0a0, 0x00000239d6a7f178]
Event: 820.164 Thread 0x00000239f42d48e0 nmethod 2679 0x00000239cf2ee910 code [0x00000239cf2eed40, 0x00000239cf2f0730]
Event: 820.164 Thread 0x00000239e8d6c240 2682       4       jdk.internal.util.StrongReferenceKey::hashCode (8 bytes)
Event: 820.165 Thread 0x00000239f3fdfe50 2683       4       java.util.regex.Matcher::search (154 bytes)
Event: 820.168 Thread 0x00000239e8d6c240 nmethod 2682 0x00000239d6a7f290 code [0x00000239d6a7f4a0, 0x00000239d6a7f8c8]
Event: 820.168 Thread 0x00000239e8d6c240 2684       4       java.lang.invoke.DirectMethodHandle::allocateInstance (16 bytes)
Event: 820.168 Thread 0x00000239e8d6c240 nmethod 2684 0x00000239d6a7fc10 code [0x00000239d6a7fda0, 0x00000239d6a7ff78]
Event: 820.169 Thread 0x00000239e8d6c240 2685   !   4       java.lang.ref.NativeReferenceQueue::poll (28 bytes)
Event: 820.169 Thread 0x00000239e8d6c240 nmethod 2685 0x00000239d6a80090 code [0x00000239d6a80220, 0x00000239d6a80518]
Event: 820.169 Thread 0x00000239e8d6c240 2686       4       java.lang.StringUTF16::getChar (60 bytes)
Event: 820.170 Thread 0x00000239e8d6c240 nmethod 2686 0x00000239d6a80610 code [0x00000239d6a807a0, 0x00000239d6a80888]
Event: 820.171 Thread 0x00000239f42d4210 2687       3       java.util.concurrent.locks.ReentrantLock$NonfairSync::initialTryLock (58 bytes)
Event: 820.171 Thread 0x00000239f42d4210 nmethod 2687 0x00000239cf2f1090 code [0x00000239cf2f1280, 0x00000239cf2f1670]
Event: 820.171 Thread 0x00000239f42d4210 2688       3       java.lang.Thread::onSpinWait (1 bytes)
Event: 820.172 Thread 0x00000239f42d4210 nmethod 2688 0x00000239cf2f1790 code [0x00000239cf2f1920, 0x00000239cf2f1a08]
Event: 820.172 Thread 0x00000239e8d6c240 2689       4       jdk.internal.loader.BuiltinClassLoader::hasClassPath (13 bytes)
Event: 820.172 Thread 0x00000239e8d6c240 nmethod 2689 0x00000239d6a80990 code [0x00000239d6a80b20, 0x00000239d6a80bb0]

GC Heap History (6 events):
Event: 0.588 GC heap before
{Heap before GC invocations=0 (full 0):
 garbage-first heap   total 520192K, used 24576K [0x0000000605000000, 0x0000000800000000)
  region size 4096K, 6 young (24576K), 0 survivors (0K)
 Metaspace       used 7075K, committed 7296K, reserved 1114112K
  class space    used 561K, committed 640K, reserved 1048576K
}
Event: 0.595 GC heap after
{Heap after GC invocations=1 (full 0):
 garbage-first heap   total 520192K, used 4554K [0x0000000605000000, 0x0000000800000000)
  region size 4096K, 1 young (4096K), 1 survivors (4096K)
 Metaspace       used 7075K, committed 7296K, reserved 1114112K
  class space    used 561K, committed 640K, reserved 1048576K
}
Event: 1.037 GC heap before
{Heap before GC invocations=1 (full 0):
 garbage-first heap   total 520192K, used 25034K [0x0000000605000000, 0x0000000800000000)
  region size 4096K, 7 young (28672K), 1 survivors (4096K)
 Metaspace       used 15775K, committed 16000K, reserved 1114112K
  class space    used 1551K, committed 1664K, reserved 1048576K
}
Event: 1.040 GC heap after
{Heap after GC invocations=2 (full 0):
 garbage-first heap   total 520192K, used 5839K [0x0000000605000000, 0x0000000800000000)
  region size 4096K, 1 young (4096K), 1 survivors (4096K)
 Metaspace       used 15775K, committed 16000K, reserved 1114112K
  class space    used 1551K, committed 1664K, reserved 1048576K
}
Event: 1.901 GC heap before
{Heap before GC invocations=2 (full 0):
 garbage-first heap   total 520192K, used 30415K [0x0000000605000000, 0x0000000800000000)
  region size 4096K, 9 young (36864K), 1 survivors (4096K)
 Metaspace       used 21306K, committed 21504K, reserved 1114112K
  class space    used 2115K, committed 2240K, reserved 1048576K
}
Event: 1.904 GC heap after
{Heap after GC invocations=3 (full 0):
 garbage-first heap   total 520192K, used 6695K [0x0000000605000000, 0x0000000800000000)
  region size 4096K, 1 young (4096K), 1 survivors (4096K)
 Metaspace       used 21306K, committed 21504K, reserved 1114112K
  class space    used 2115K, committed 2240K, reserved 1048576K
}

Dll operation events (2 events):
Event: 0.009 Loaded shared library C:\Program Files\JetBrains\IntelliJ IDEA 2025.3\jbr\bin\java.dll
Event: 0.251 Loaded shared library C:\Program Files\JetBrains\IntelliJ IDEA 2025.3\jbr\bin\zip.dll

Deoptimization events (20 events):
Event: 820.166 Thread 0x00000239f3fcab20 Uncommon trap: trap_request=0xffffff45 fr.pc=0x00000239d6a12564 relative=0x00000000000000c4
Event: 820.166 Thread 0x00000239f3fcab20 Uncommon trap: reason=unstable_if action=reinterpret pc=0x00000239d6a12564 method=java.nio.Buffer.limit(I)Ljava/nio/Buffer; @ 42 c2
Event: 820.166 Thread 0x00000239f3fcab20 DEOPT PACKING pc=0x00000239d6a12564 sp=0x000000e81edfd460
Event: 820.166 Thread 0x00000239f3fcab20 DEOPT UNPACKING pc=0x00000239d62946a2 sp=0x000000e81edfd3e8 mode 2
Event: 820.168 Thread 0x00000239f3fcab20 Uncommon trap: trap_request=0xffffff45 fr.pc=0x00000239d699db14 relative=0x00000000000004b4
Event: 820.168 Thread 0x00000239f3fcab20 Uncommon trap: reason=unstable_if action=reinterpret pc=0x00000239d699db14 method=java.lang.StringLatin1.canEncode(I)Z @ 4 c2
Event: 820.168 Thread 0x00000239f3fcab20 DEOPT PACKING pc=0x00000239d699db14 sp=0x000000e81edfe350
Event: 820.168 Thread 0x00000239f3fcab20 DEOPT UNPACKING pc=0x00000239d62946a2 sp=0x000000e81edfe288 mode 2
Event: 820.168 Thread 0x00000239f3fcab20 Uncommon trap: trap_request=0xffffff45 fr.pc=0x00000239d699e5ec relative=0x000000000000048c
Event: 820.168 Thread 0x00000239f3fcab20 Uncommon trap: reason=unstable_if action=reinterpret pc=0x00000239d699e5ec method=java.lang.AbstractStringBuilder.isLatin1()Z @ 10 c2
Event: 820.168 Thread 0x00000239f3fcab20 DEOPT PACKING pc=0x00000239d699e5ec sp=0x000000e81edfe370
Event: 820.168 Thread 0x00000239f3fcab20 DEOPT UNPACKING pc=0x00000239d62946a2 sp=0x000000e81edfe300 mode 2
Event: 820.170 Thread 0x00000239f3fcab20 Uncommon trap: trap_request=0xffffffde fr.pc=0x00000239d69ea604 relative=0x0000000000000424
Event: 820.170 Thread 0x00000239f3fcab20 Uncommon trap: reason=class_check action=maybe_recompile pc=0x00000239d69ea604 method=java.lang.String.<init>(Ljava/lang/AbstractStringBuilder;Ljava/lang/Void;)V @ 10 c2
Event: 820.170 Thread 0x00000239f3fcab20 DEOPT PACKING pc=0x00000239d69ea604 sp=0x000000e81edfe510
Event: 820.170 Thread 0x00000239f3fcab20 DEOPT UNPACKING pc=0x00000239d62946a2 sp=0x000000e81edfe4d8 mode 2
Event: 820.171 Thread 0x00000239f3fcab20 Uncommon trap: trap_request=0xffffff45 fr.pc=0x00000239d6a7c398 relative=0x0000000000000178
Event: 820.171 Thread 0x00000239f3fcab20 Uncommon trap: reason=unstable_if action=reinterpret pc=0x00000239d6a7c398 method=java.util.concurrent.locks.ReentrantLock$NonfairSync.initialTryLock()Z @ 25 c2
Event: 820.171 Thread 0x00000239f3fcab20 DEOPT PACKING pc=0x00000239d6a7c398 sp=0x000000e81edfe1d0
Event: 820.171 Thread 0x00000239f3fcab20 DEOPT UNPACKING pc=0x00000239d62946a2 sp=0x000000e81edfe170 mode 2

Classes loaded (20 events):
Event: 820.135 Loading class java/awt/image/DataBufferByte
Event: 820.135 Loading class java/awt/image/DataBufferByte done
Event: 820.136 Loading class java/awt/image/PixelInterleavedSampleModel
Event: 820.136 Loading class java/awt/image/ComponentSampleModel
Event: 820.136 Loading class java/awt/image/ComponentSampleModel done
Event: 820.136 Loading class java/awt/image/PixelInterleavedSampleModel done
Event: 820.136 Loading class sun/awt/image/ByteInterleavedRaster
Event: 820.136 Loading class sun/awt/image/ByteComponentRaster
Event: 820.136 Loading class sun/awt/image/ByteComponentRaster done
Event: 820.136 Loading class sun/awt/image/ByteInterleavedRaster done
Event: 820.136 Loading class sun/awt/image/BytePackedRaster
Event: 820.137 Loading class sun/awt/image/BytePackedRaster done
Event: 820.165 Loading class sun/util/resources/LocaleData$CommonResourceBundleProvider
Event: 820.165 Loading class sun/util/resources/LocaleData$LocaleDataResourceBundleProvider
Event: 820.165 Loading class java/util/spi/ResourceBundleProvider
Event: 820.165 Loading class java/util/spi/ResourceBundleProvider done
Event: 820.165 Loading class sun/util/resources/LocaleData$LocaleDataResourceBundleProvider done
Event: 820.165 Loading class sun/util/resources/LocaleData$CommonResourceBundleProvider done
Event: 820.166 Loading class sun/util/resources/Bundles$2
Event: 820.166 Loading class sun/util/resources/Bundles$2 done

Classes unloaded (0 events):
No events

Classes redefined (0 events):
No events

Internal exceptions (20 events):
Event: 1.196 Thread 0x00000239eca292c0 Exception <a 'sun/nio/fs/WindowsException'{0x0000000623c54978}> (0x0000000623c54978) 
thrown [s\src\hotspot\share\prims\jni.cpp, line 537]
Event: 1.196 Thread 0x00000239eca292c0 Exception <a 'sun/nio/fs/WindowsException'{0x0000000623c55ef0}> (0x0000000623c55ef0) 
thrown [s\src\hotspot\share\prims\jni.cpp, line 537]
Event: 1.196 Thread 0x00000239eca292c0 Exception <a 'sun/nio/fs/WindowsException'{0x0000000623c56088}> (0x0000000623c56088) 
thrown [s\src\hotspot\share\prims\jni.cpp, line 537]
Event: 1.196 Thread 0x00000239eca292c0 Exception <a 'sun/nio/fs/WindowsException'{0x0000000623c578b8}> (0x0000000623c578b8) 
thrown [s\src\hotspot\share\prims\jni.cpp, line 537]
Event: 1.196 Thread 0x00000239eca292c0 Exception <a 'sun/nio/fs/WindowsException'{0x0000000623c57ba8}> (0x0000000623c57ba8) 
thrown [s\src\hotspot\share\prims\jni.cpp, line 537]
Event: 1.205 Thread 0x00000239eca292c0 Exception <a 'sun/nio/fs/WindowsException'{0x0000000623c8f3a0}> (0x0000000623c8f3a0) 
thrown [s\src\hotspot\share\prims\jni.cpp, line 537]
Event: 1.205 Thread 0x00000239eca292c0 Exception <a 'sun/nio/fs/WindowsException'{0x0000000623c90448}> (0x0000000623c90448) 
thrown [s\src\hotspot\share\prims\jni.cpp, line 537]
Event: 1.468 Thread 0x00000239eca292c0 Exception <a 'java/lang/NoSuchMethodError'{0x00000006239cb260}: 'java.lang.Object java.lang.invoke.DirectMethodHandle$Holder.newInvokeSpecial(java.lang.Object, java.lang.Object, java.lang.Object, java.lang.Object, java.lang.Object, java.lang.Object)'> (0x00000006239cb260) 
thrown [s\src\hotspot\share\interpreter\linkResolver.cpp, line 784]
Event: 1.829 Thread 0x00000239eca292c0 Exception <a 'java/lang/NoSuchMethodError'{0x0000000623270628}: 'java.lang.Object java.lang.invoke.DirectMethodHandle$Holder.newInvokeSpecial(java.lang.Object, java.lang.Object, java.lang.Object, java.lang.Object, java.lang.Object, java.lang.Object, int)'> (0x0000000623270628) 
thrown [s\src\hotspot\share\interpreter\linkResolver.cpp, line 784]
Event: 1.829 Thread 0x00000239eca292c0 Exception <a 'java/lang/NoSuchMethodError'{0x00000006232756f0}: 'java.lang.Object java.lang.invoke.DirectMethodHandle$Holder.invokeSpecial(java.lang.Object, java.lang.Object, java.lang.Object, java.lang.Object, java.lang.Object, java.lang.Object, java.lang.Object, int)'> (0x00000006232756f0) 
thrown [s\src\hotspot\share\interpreter\linkResolver.cpp, line 784]
Event: 1.921 Thread 0x00000239eca292c0 Exception <a 'java/lang/NoSuchMethodError'{0x00000006248bd098}: 'float java.lang.invoke.DirectMethodHandle$Holder.invokeStatic(java.lang.Object, float)'> (0x00000006248bd098) 
thrown [s\src\hotspot\share\interpreter\linkResolver.cpp, line 784]
Event: 1.922 Thread 0x00000239eca292c0 Exception <a 'java/lang/NoSuchMethodError'{0x00000006248c0b50}: 'float java.lang.invoke.DirectMethodHandle$Holder.invokeStaticInit(java.lang.Object, float)'> (0x00000006248c0b50) 
thrown [s\src\hotspot\share\interpreter\linkResolver.cpp, line 784]
Event: 2.005 Thread 0x00000239eca292c0 Exception <a 'java/lang/NoSuchMethodError'{0x0000000606c8df18}: 'java.lang.Object java.lang.invoke.DirectMethodHandle$Holder.invokeStatic(java.lang.Object, java.lang.Object, int, java.lang.Object, int)'> (0x0000000606c8df18) 
thrown [s\src\hotspot\share\interpreter\linkResolver.cpp, line 784]
Event: 2.006 Thread 0x00000239eca292c0 Exception <a 'java/lang/NoSuchMethodError'{0x0000000606c958e0}: 'java.lang.Object java.lang.invoke.DirectMethodHandle$Holder.newInvokeSpecial(java.lang.Object, java.lang.Object, int)'> (0x0000000606c958e0) 
thrown [s\src\hotspot\share\interpreter\linkResolver.cpp, line 784]
Event: 2.526 Thread 0x00000239eca292c0 Exception <a 'java/lang/NoSuchMethodError'{0x0000000606a77978}: 'java.lang.Object java.lang.invoke.Invokers$Holder.invoke_MT(java.lang.Object, java.lang.Object, java.lang.Object, java.lang.Object, java.lang.Object, java.lang.Object, java.lang.Object, java.lang.Object, java.lang.Object, java.lang.Object)'> (0x0000000606a77978) 
thrown [s\src\hotspot\share\interpreter\linkResolver.cpp, line 784]
Event: 820.133 Thread 0x00000239eca292c0 Exception <a 'sun/java2d/InvalidPipeException'{0x0000000606af47a8}: bounds changed> (0x0000000606af47a8) 
thrown [s\src\hotspot\share\prims\jni.cpp, line 572]
Event: 820.133 Thread 0x00000239eca292c0 Exception <a 'sun/java2d/InvalidPipeException'{0x0000000606af4de0}: bounds changed> (0x0000000606af4de0) 
thrown [s\src\hotspot\share\prims\jni.cpp, line 572]
Event: 820.133 Thread 0x00000239eca292c0 Exception <a 'java/lang/NoSuchMethodError'{0x0000000606af90e8}: 'void java.lang.invoke.DirectMethodHandle$Holder.invokeInterface(java.lang.Object, java.lang.Object)'> (0x0000000606af90e8) 
thrown [s\src\hotspot\share\interpreter\linkResolver.cpp, line 784]
Event: 820.139 Thread 0x00000239eca292c0 Exception <a 'sun/java2d/InvalidPipeException'{0x0000000606b6f980}: GDIWindowSurfaceData: bounds changed> (0x0000000606b6f980) 
thrown [s\src\hotspot\share\prims\jni.cpp, line 572]
Event: 820.139 Thread 0x00000239eca292c0 Exception <a 'sun/java2d/InvalidPipeException'{0x0000000606b6ffd0}: GDIWindowSurfaceData: bounds changed> (0x0000000606b6ffd0) 
thrown [s\src\hotspot\share\prims\jni.cpp, line 572]

ZGC Phase Switch (0 events):
No events

VM Operations (20 events):
Event: 2.527 Executing VM operation: HandshakeAllThreads (Deoptimize)
Event: 2.527 Executing VM operation: HandshakeAllThreads (Deoptimize) done
Event: 2.531 Executing VM operation: HandshakeAllThreads (Deoptimize)
Event: 2.531 Executing VM operation: HandshakeAllThreads (Deoptimize) done
Event: 2.531 Executing VM operation: HandshakeAllThreads (Deoptimize)
Event: 2.531 Executing VM operation: HandshakeAllThreads (Deoptimize) done
Event: 2.531 Executing VM operation: HandshakeAllThreads (Deoptimize)
Event: 2.531 Executing VM operation: HandshakeAllThreads (Deoptimize) done
Event: 3.535 Executing VM operation: Cleanup
Event: 3.535 Executing VM operation: Cleanup done
Event: 60.171 Executing VM operation: HandshakeAllThreads (HandshakeForDeflation)
Event: 60.171 Executing VM operation: HandshakeAllThreads (HandshakeForDeflation) done
Event: 60.172 Executing VM operation: RendezvousGCThreads
Event: 60.172 Executing VM operation: RendezvousGCThreads done
Event: 820.107 Executing VM operation: Cleanup
Event: 820.107 Executing VM operation: Cleanup done
Event: 820.134 Executing VM operation: HandshakeAllThreads (Deoptimize)
Event: 820.134 Executing VM operation: HandshakeAllThreads (Deoptimize) done
Event: 820.149 Executing VM operation: HandshakeAllThreads (Deoptimize)
Event: 820.149 Executing VM operation: HandshakeAllThreads (Deoptimize) done

Memory protections (0 events):
No events

Nmethod flushes (0 events):
No events

Events (20 events):
Event: 0.750 Thread 0x00000239f14c5a70 Thread added: 0x00000239f1524720
Event: 0.752 Thread 0x00000239f14c5a70 Thread added: 0x00000239f1522ce0
Event: 0.754 Thread 0x00000239eca292c0 Thread added: 0x00000239f1521fc0
Event: 0.937 Loaded shared library C:\Program Files\JetBrains\IntelliJ IDEA 2025.3\jbr\bin\freetype.dll
Event: 0.938 Loaded shared library C:\Program Files\JetBrains\IntelliJ IDEA 2025.3\jbr\bin\fontmanager.dll
Event: 1.338 Thread 0x00000239ec357e00 Thread exited: 0x00000239ec357e00
Event: 1.832 Thread 0x00000239f113ffe0 Thread added: 0x00000239f4810f90
Event: 2.209 Thread 0x00000239e8d25550 Thread added: 0x00000239f3e53b00
Event: 2.487 Thread 0x00000239f4810f90 Thread exited: 0x00000239f4810f90
Event: 2.538 Thread 0x00000239eca292c0 Thread added: 0x00000239f96d36b0
Event: 7.553 Thread 0x00000239f3e53b00 Thread exited: 0x00000239f3e53b00
Event: 12.554 Thread 0x00000239f113ffe0 Thread exited: 0x00000239f113ffe0
Event: 17.555 Thread 0x00000239e8d25550 Thread exited: 0x00000239e8d25550
Event: 62.544 Thread 0x00000239f96d36b0 Thread exited: 0x00000239f96d36b0
Event: 820.140 Thread 0x00000239eca292c0 Thread added: 0x00000239f3fcab20
Event: 820.146 Thread 0x00000239ec1265c0 Thread added: 0x00000239f42d3470
Event: 820.147 Thread 0x00000239ec1265c0 Thread added: 0x00000239f42d4210
Event: 820.147 Thread 0x00000239ec1265c0 Thread added: 0x00000239f42d48e0
Event: 820.153 Thread 0x00000239f42d3470 Thread added: 0x00000239f3fdfe50
Event: 820.156 Thread 0x00000239f3fdfe50 Thread added: 0x00000239f3fe2730


Dynamic libraries:
0x00007ff62b240000 - 0x00007ff62b24a000 	C:\Program Files\JetBrains\IntelliJ IDEA 2025.3\jbr\bin\java.exe
0x00007fff80980000 - 0x00007fff80be7000 	C:\WINDOWS\SYSTEM32\ntdll.dll
0x00007fff7fb40000 - 0x00007fff7fc09000 	C:\WINDOWS\System32\KERNEL32.DLL
0x00007fff7df60000 - 0x00007fff7e34f000 	C:\WINDOWS\System32\KERNELBASE.dll
0x00007fff7e540000 - 0x00007fff7e68b000 	C:\WINDOWS\System32\ucrtbase.dll
0x00007fff76580000 - 0x00007fff7659b000 	C:\Program Files\JetBrains\IntelliJ IDEA 2025.3\jbr\bin\VCRUNTIME140.dll
0x00007fff79b30000 - 0x00007fff79b48000 	C:\Program Files\JetBrains\IntelliJ IDEA 2025.3\jbr\bin\jli.dll
0x00007fff7fc10000 - 0x00007fff7fdd5000 	C:\WINDOWS\System32\USER32.dll
0x00007fff5a490000 - 0x00007fff5a723000 	C:\WINDOWS\WinSxS\amd64_microsoft.windows.common-controls_6595b64144ccf1df_6.0.26100.7309_none_3e05feeae336a044\COMCTL32.dll
0x00007fff7ddc0000 - 0x00007fff7dde7000 	C:\WINDOWS\System32\win32u.dll
0x00007fff80890000 - 0x00007fff80939000 	C:\WINDOWS\System32\msvcrt.dll
0x00007fff7e910000 - 0x00007fff7e93b000 	C:\WINDOWS\System32\GDI32.dll
0x00007fff7e410000 - 0x00007fff7e53c000 	C:\WINDOWS\System32\gdi32full.dll
0x00007fff7dc50000 - 0x00007fff7dcf3000 	C:\WINDOWS\System32\msvcp_win.dll
0x00007fff7f1b0000 - 0x00007fff7f1e1000 	C:\WINDOWS\System32\IMM32.DLL
0x00007fff765a0000 - 0x00007fff765ac000 	C:\Program Files\JetBrains\IntelliJ IDEA 2025.3\jbr\bin\vcruntime140_1.dll
0x00007fff3a020000 - 0x00007fff3a0ad000 	C:\Program Files\JetBrains\IntelliJ IDEA 2025.3\jbr\bin\msvcp140.dll
0x00007fff18c10000 - 0x00007fff199dc000 	C:\Program Files\JetBrains\IntelliJ IDEA 2025.3\jbr\bin\server\jvm.dll
0x00007fff7fa00000 - 0x00007fff7fab4000 	C:\WINDOWS\System32\ADVAPI32.dll
0x00007fff7f950000 - 0x00007fff7f9f6000 	C:\WINDOWS\System32\sechost.dll
0x00007fff80050000 - 0x00007fff80168000 	C:\WINDOWS\System32\RPCRT4.dll
0x00007fff7fac0000 - 0x00007fff7fb34000 	C:\WINDOWS\System32\WS2_32.dll
0x00007fff7d930000 - 0x00007fff7d98e000 	C:\WINDOWS\SYSTEM32\POWRPROF.dll
0x00007fff77ba0000 - 0x00007fff77bd5000 	C:\WINDOWS\SYSTEM32\WINMM.dll
0x00007fff6d8c0000 - 0x00007fff6d8cb000 	C:\WINDOWS\SYSTEM32\VERSION.dll
0x00007fff7d910000 - 0x00007fff7d924000 	C:\WINDOWS\SYSTEM32\UMPDC.dll
0x00007fff7c7a0000 - 0x00007fff7c7bb000 	C:\WINDOWS\SYSTEM32\kernel.appcore.dll
0x00007fff6c480000 - 0x00007fff6c48a000 	C:\Program Files\JetBrains\IntelliJ IDEA 2025.3\jbr\bin\jimage.dll
0x00007fff7ae40000 - 0x00007fff7b082000 	C:\WINDOWS\SYSTEM32\DBGHELP.DLL
0x00007fff80220000 - 0x00007fff805a5000 	C:\WINDOWS\System32\combase.dll
0x00007fff807b0000 - 0x00007fff80886000 	C:\WINDOWS\System32\OLEAUT32.dll
0x00007fff62e90000 - 0x00007fff62ecc000 	C:\WINDOWS\SYSTEM32\dbgcore.DLL
0x00007fff7e360000 - 0x00007fff7e405000 	C:\WINDOWS\System32\bcryptPrimitives.dll
0x00007fff6c460000 - 0x00007fff6c480000 	C:\Program Files\JetBrains\IntelliJ IDEA 2025.3\jbr\bin\java.dll
0x00007fff7f1f0000 - 0x00007fff7f943000 	C:\WINDOWS\System32\SHELL32.dll
0x00007fff7ddf0000 - 0x00007fff7df5a000 	C:\WINDOWS\System32\wintypes.dll
0x00007fff7b6b0000 - 0x00007fff7bf0e000 	C:\WINDOWS\SYSTEM32\windows.storage.dll
0x00007fff7f0b0000 - 0x00007fff7f1a5000 	C:\WINDOWS\System32\SHCORE.dll
0x00007fff7ff50000 - 0x00007fff7ffb6000 	C:\WINDOWS\System32\shlwapi.dll
0x00007fff7d9f0000 - 0x00007fff7da19000 	C:\WINDOWS\SYSTEM32\profapi.dll
0x00007fff6c450000 - 0x00007fff6c460000 	C:\Program Files\JetBrains\IntelliJ IDEA 2025.3\jbr\bin\net.dll
0x00007fff76970000 - 0x00007fff76a98000 	C:\WINDOWS\SYSTEM32\WINHTTP.dll
0x00007fff7cd90000 - 0x00007fff7cdfb000 	C:\WINDOWS\system32\mswsock.dll
0x00007fff69c40000 - 0x00007fff69c56000 	C:\Program Files\JetBrains\IntelliJ IDEA 2025.3\jbr\bin\nio.dll
0x00007fff69c60000 - 0x00007fff69c78000 	C:\Program Files\JetBrains\IntelliJ IDEA 2025.3\jbr\bin\zip.dll
0x00007fff1a240000 - 0x00007fff1a3d8000 	C:\Program Files\JetBrains\IntelliJ IDEA 2025.3\jbr\bin\awt.dll
0x00007fff7ab20000 - 0x00007fff7ab50000 	C:\WINDOWS\SYSTEM32\dwmapi.dll
0x00007fff560a0000 - 0x00007fff56119000 	C:\WINDOWS\SYSTEM32\OLEACC.dll
0x00007fff69bf0000 - 0x00007fff69c34000 	C:\Program Files\JetBrains\IntelliJ IDEA 2025.3\jbr\bin\nvdaControllerClient64.dll
0x00007fff7a610000 - 0x00007fff7a6af000 	C:\WINDOWS\SYSTEM32\apphelp.dll
0x00007fff7a800000 - 0x00007fff7a8ab000 	C:\WINDOWS\system32\uxtheme.dll
0x00007fff7e7a0000 - 0x00007fff7e8fe000 	C:\WINDOWS\System32\MSCTF.dll
0x00007fff805b0000 - 0x00007fff80747000 	C:\WINDOWS\System32\ole32.dll
0x00007fff7a6d0000 - 0x00007fff7a6f9000 	C:\WINDOWS\system32\Wtsapi32.dll
0x00007fff7dad0000 - 0x00007fff7dc47000 	C:\WINDOWS\System32\CRYPT32.dll
0x00007fff7cae0000 - 0x00007fff7cb29000 	C:\WINDOWS\SYSTEM32\SspiCli.dll
0x00007fff7d6d0000 - 0x00007fff7d734000 	C:\WINDOWS\SYSTEM32\WINSTA.dll
0x00007fff1a030000 - 0x00007fff1a140000 	C:\WINDOWS\system32\opengl32.dll
0x00007fff273c0000 - 0x00007fff273ed000 	C:\WINDOWS\SYSTEM32\GLU32.dll
0x00007fff7a950000 - 0x00007fff7a994000 	C:\WINDOWS\SYSTEM32\dxcore.dll
0x00007fff0e1c0000 - 0x00007fff0f256000 	C:\Users\hp\.skiko\ec6bc0f7306786ecca7e44964c7c5c0e40049680f07b151b50515efdfa5bea73\skiko-windows-x64.dll
0x00007fff783e0000 - 0x00007fff784e3000 	C:\WINDOWS\SYSTEM32\PROPSYS.dll
0x00007fff78e50000 - 0x00007fff790b7000 	C:\WINDOWS\SYSTEM32\dwrite.dll
0x00007fff65230000 - 0x00007fff65409000 	C:\WINDOWS\WinSxS\amd64_microsoft.windows.gdiplus_6595b64144ccf1df_1.1.26100.7309_none_6ef0f1d03dc91a12\gdiplus.dll
0x00007fff36710000 - 0x00007fff36797000 	C:\Program Files\JetBrains\IntelliJ IDEA 2025.3\jbr\bin\freetype.dll
0x00007fff1a150000 - 0x00007fff1a23e000 	C:\Program Files\JetBrains\IntelliJ IDEA 2025.3\jbr\bin\fontmanager.dll
0x00007fff7e940000 - 0x00007fff7e9f0000 	C:\WINDOWS\System32\clbcatq.dll
0x00007fff78c10000 - 0x00007fff78e40000 	C:\WINDOWS\SYSTEM32\WindowsCodecs.dll
0x00007fff56750000 - 0x00007fff567aa000 	C:\WINDOWS\system32\dataexchange.dll
0x00007fff776e0000 - 0x00007fff77924000 	C:\WINDOWS\system32\twinapi.appcore.dll
0x00007fff771c0000 - 0x00007fff771c7000 	C:\Program Files\JetBrains\IntelliJ IDEA 2025.3\jbr\bin\jawt.dll
0x00007fff7a9c0000 - 0x00007fff7aafb000 	C:\WINDOWS\SYSTEM32\Dxgi.dll
0x00007fff77470000 - 0x00007fff774d3000 	C:\WINDOWS\SYSTEM32\directxdatabasehelper.dll
0x00007fff7d640000 - 0x00007fff7d697000 	C:\WINDOWS\SYSTEM32\cfgmgr32.dll
0x00007fff6c4a0000 - 0x00007fff6c4c3000 	C:\WINDOWS\SYSTEM32\D3D12.dll
0x00007fff09e00000 - 0x00007fff0a158000 	C:\WINDOWS\SYSTEM32\D3D12Core.dll
0x00007fff7d9c0000 - 0x00007fff7d9ea000 	C:\WINDOWS\SYSTEM32\bcrypt.dll
0x00007fff0fe70000 - 0x00007fff0fecc000 	C:\WINDOWS\System32\DriverStore\FileRepository\iigd_dch.inf_amd64_c0f9af7de2d619a0\igd12umd64.dll
0x00007ffef1250000 - 0x00007ffef3332000 	C:\WINDOWS\System32\DriverStore\FileRepository\iigd_dch.inf_amd64_c0f9af7de2d619a0\igd12um64xel.dll
0x00007fff0fde0000 - 0x00007fff0fe63000 	C:\WINDOWS\System32\DriverStore\FileRepository\iigd_dch.inf_amd64_c0f9af7de2d619a0\igdext64.dll
0x00007fff4e6b0000 - 0x00007fff4e75c000 	C:\WINDOWS\System32\DriverStore\FileRepository\iigd_dch.inf_amd64_c0f9af7de2d619a0\IntelControlLib.dll
0x00007fff749d0000 - 0x00007fff74f7a000 	C:\WINDOWS\System32\DriverStore\FileRepository\iigd_dch.inf_amd64_c0f9af7de2d619a0\igdgmm64.dll
0x00007fff6f4f0000 - 0x00007fff74764000 	C:\WINDOWS\System32\DriverStore\FileRepository\iigd_dch.inf_amd64_c0f9af7de2d619a0\igc64.dll
0x00007fff0f2a0000 - 0x00007fff0f385000 	C:\WINDOWS\SYSTEM32\D3DSCache.dll
0x00007fff7ce40000 - 0x00007fff7ce6b000 	C:\WINDOWS\SYSTEM32\USERENV.dll
0x00007fff09aa0000 - 0x00007fff09df5000 	C:\WINDOWS\System32\DriverStore\FileRepository\iigd_dch.inf_amd64_c0f9af7de2d619a0\igd12dxva64.dll
0x00007fff7ea00000 - 0x00007fff7ee8a000 	C:\WINDOWS\System32\SETUPAPI.dll
0x00007fff5eaa0000 - 0x00007fff60016000 	C:\WINDOWS\System32\DriverStore\FileRepository\iigd_dch.inf_amd64_c0f9af7de2d619a0\igddxvacommon64.dll
0x00007fff5ca20000 - 0x00007fff5eaa0000 	C:\WINDOWS\System32\DriverStore\FileRepository\iigd_dch.inf_amd64_c0f9af7de2d619a0\media_bin_64.dll
0x00007fff66f60000 - 0x00007fff66f88000 	C:\WINDOWS\System32\DriverStore\FileRepository\iigd_dch.inf_amd64_c0f9af7de2d619a0\igdinfo64.dll
0x00007fff79b80000 - 0x00007fff79da3000 	C:\WINDOWS\SYSTEM32\dcomp.dll
0x00007fff78bf0000 - 0x00007fff78c09000 	C:\WINDOWS\SYSTEM32\Microsoft.Internal.WarpPal.dll
0x00007fff09610000 - 0x00007fff09a92000 	C:\Program Files\JetBrains\IntelliJ IDEA 2025.3\jbr\bin\d3dcompiler_47.dll
0x00007fff7d180000 - 0x00007fff7d19b000 	C:\WINDOWS\SYSTEM32\CRYPTSP.dll
0x00007fff616f0000 - 0x00007fff61838000 	C:\WINDOWS\SYSTEM32\textinputframework.dll

JVMTI agents: none

dbghelp: loaded successfully - version: 4.0.5 - missing functions: none
symbol engine: initialized successfully - sym options: 0x614 - pdb path: .;C:\Program Files\JetBrains\IntelliJ IDEA 2025.3\jbr\bin;C:\WINDOWS\SYSTEM32;C:\WINDOWS\WinSxS\amd64_microsoft.windows.common-controls_6595b64144ccf1df_6.0.26100.7309_none_3e05feeae336a044;C:\Program Files\JetBrains\IntelliJ IDEA 2025.3\jbr\bin\server;C:\Users\hp\.skiko\ec6bc0f7306786ecca7e44964c7c5c0e40049680f07b151b50515efdfa5bea73;C:\WINDOWS\WinSxS\amd64_microsoft.windows.gdiplus_6595b64144ccf1df_1.1.26100.7309_none_6ef0f1d03dc91a12;C:\WINDOWS\System32\DriverStore\FileRepository\iigd_dch.inf_amd64_c0f9af7de2d619a0

VM Arguments:
jvm_args: -Dfile.encoding=UTF-8 -Duser.country=GB -Duser.language=en -Duser.variant 
java_command: MainKt
java_class_path (initial): D:\LX-plotter_desktop\LX_plotter_desktop\build\classes\java\main;D:\LX-plotter_desktop\LX_plotter_desktop\build\classes\kotlin\main;D:\LX-plotter_desktop\LX_plotter_desktop\build\resources\main;C:\Users\hp\.gradle\caches\modules-2\files-2.1\org.jetbrains.compose.desktop\desktop-jvm\1.7.0\128a1262fd72c68277ebadf308a07ff086206f8e\desktop-jvm-1.7.0.jar;C:\Users\hp\.gradle\caches\modules-2\files-2.1\org.jetbrains.skiko\skiko-awt-runtime-windows-x64\0.8.15\8f3d1d6d4f3f168305cc1230c07dec7362fa7b00\skiko-awt-runtime-windows-x64-0.8.15.jar;C:\Users\hp\.gradle\caches\modules-2\files-2.1\org.jetbrains.compose.material3\material3-desktop\1.7.0\7bcb77d4291ab8cf77ff225e8108ad2a4998c423\material3-desktop-1.7.0.jar;C:\Users\hp\.gradle\caches\modules-2\files-2.1\org.jetbrains.compose.material\material-desktop\1.7.0\29cccd4e48b2f071e85c1eaf2f59def91d68eb8\material-desktop-1.7.0.jar;C:\Users\hp\.gradle\caches\modules-2\files-2.1\org.jetbrains.compose.material\material-ripple-desktop\1.7.0\42b03965266ad123672e8a87f98d914dc8c072bf\material-ripple-desktop-1.7.0.jar;C:\Users\hp\.gradle\caches\modules-2\files-2.1\org.jetbrains.compose.foundation\foundation-desktop\1.7.0\6851b9b4d93e3bba301eeb94242a59863026dc8d\foundation-desktop-1.7.0.jar;C:\Users\hp\.gradle\caches\modules-2\files-2.1\org.jetbrains.compose.material\material-icons-extended-desktop\1.7.0\c7c5465dd754043076875b32bce0dd7f5a354fe8\material-icons-extended-desktop-1.7.0.jar;C:\Users\hp\.gradle\caches\modules-2\files-2.1\org.jetbrains.compose.material\material-icons-core-desktop\1.7.0\414b3096050fe647b0638832eace80f22c06b85c\material-icons-core-desktop-1.7.0.jar;C:\Users\hp\.gradle\caches\modules-2\files-2.1\org.jetbrains.compose.animation\animation-desktop\1.7.0\2c5c8a0279b37285f6fa2e65affab9a5ca3d2e05\animation-desktop-1.7.0.jar;C:\Users\hp\.gradle\caches\modules-2\files-2.1\org.jetbrains.compose.animation\animation-core-desktop\1.7.0\3f9e8ac3f4804e7029a0f8f8955ebd7dc8075516\animation-core-desktop-1.7.0.jar;C:\Users\hp\.gradle\caches\modules-2\files-2.1\org.jetbrains.compose.foundation\foundation-layout-desktop\1.7.0\99ee09906c30143ece1a7e9d1ab25db99ca65876\foundation-layout-desktop-1.7.0.jar;C:\Users\hp\.gradle\caches\modules-2\files-2.1\org.jetbrains.compose.ui\ui-desktop\1.7.0\da1d07709414cb57d887a8a5d05b523dd52fd200\ui-desktop-1.7.0.jar;C:\Users\hp\.gradle\caches\modules-2\files-2.1\org.jetbrains.compose.ui\ui-text-desktop\1.7.0\9fcd54866d7c2132d921b337ad8967f90cc25b85\ui-text-desktop-1.7.0.jar;C:\Users\hp\.gradle\caches\modules-2\files-2.1\org.jetbrains.compose.ui\ui-graphics-desktop\1.7.0\636fab3892b2e789b1086b1872104324182d305a\ui-graphics-desktop-1.7.0.jar;C:\Users\hp\.gradle\caches\modules-2\files-2.1\org.jetbrains.skiko\skiko-awt\0.8.15\bbcde58bebd8e48188bbf4b5ed10a91f3b0a84a0\skiko-awt-0.8.15.jar;C:\Users\hp\.gradle\caches\modules-2\files-2.1\org.jetbrains.compose.ui\ui-tooling-preview-desktop\1.7.0\62232c44c61692b56d3071c29b0f9c8481b20574\ui-tooling-preview-desktop-1.7.0.jar;C:\Users\hp\.gradle\caches\modules-2\files-2.1\org.jetbrains.compose.ui\ui-unit-desktop\1.7.0\fecd4bde2d2f1cfbe2118d175ec7030a50e63f20\ui-unit-desktop-1.7.0.jar;C:\Users\hp\.gradle\caches\modules-2\files-2.1\org.jetbrains.compose.ui\ui-geometry-desktop\1.7.0\dfc47c11ec416d93f53ae19103143d741a3d8b14\ui-geometry-desktop-1.7.0.jar;C:\Users\hp\.gradle\caches\modules-2\files-2.1\org.jetbrains.compose.runtime\runtime-saveable-desktop\1.7.0\16cec893bca783af229978ba2091f58eea6906c1\runtime-saveable-desktop-1.7.0.jar;C:\Users\hp\.gradle\caches\modules-2\files-2.1\org.jetbrains.androidx.lifecycle\lifecycle-runtime-compose-desktop\2.8.3\e950e2a504a045ac652718dc20e736f28c5ff4c2\lifecycle-runtime-compose-desktop-2.8.3.jar;C:\Users\hp\.gradle\caches\modules-2\files-2.1\org.jetbrains.compose.runtime\runtime-desktop\1.7.0\c7ec36fb96961f1cd208a4e0daab62eebb1e3728\runtime-desktop-1.7.0.jar;C:\Users\hp\.gradle\caches\modules-2\files-2.1\org.jetbrains.compose.ui\ui-util-desktop\1.7.0\3c2234b2741de97514d440cfa08fa243ef87ce53\ui-util-desktop-1.7.0.jar;C:\Users\hp\.gradle\caches\modules-2\files-2.1\org.jetbrains.kotlin\kotlin-stdlib-jdk8\1.9.24\a2f6d82081a54b52ceb120c5a18f87402ccab0c\kotlin-stdlib-jdk8-1.9.24.jar;C:\Users\hp\.gradle\caches\modules-2\files-2.1\androidx.lifecycle\lifecycle-viewmodel-desktop\2.8.5\572f6fed6a70c5d87c9a0d17d05828ff1a6f19f8\lifecycle-viewmodel-desktop-2.8.5.jar;C:\Users\hp\.gradle\caches\modules-2\files-2.1\androidx.lifecycle\lifecycle-runtime-desktop\2.8.5\fed8b9973735cbe77645edf153d5f7bb412bfd45\lifecycle-runtime-desktop-2.8.5.jar;C:\Users\hp\.gradle\caches\modules-2\files-2.1\androidx.lifecycle\lifecycle-common-jvm\2.8.5\7174a594afb73a9ad9ac9074ce78b94af3cc52a7\lifecycle-common-jvm-2.8.5.jar;C:\Users\hp\.gradle\caches\modules-2\files-2.1\org.jetbrains.kotlinx\kotlinx-coroutines-core-jvm\1.8.0\ac1dc37a30a93150b704022f8d895ee1bd3a36b3\kotlinx-coroutines-core-jvm-1.8.0.jar;C:\Users\hp\.gradle\caches\modules-2\files-2.1\org.jetbrains.kotlinx\atomicfu-jvm\0.23.2\a4601dc42dceb031a586058e8356ff778a57dea0\atomicfu-jvm-0.23.2.jar;C:\Users\hp\.gradle\caches\modules-2\files-2.1\org.jetbrains.kotlinx\kotlinx-datetime-jvm\0.6.0\a6362032556c0fa4a06be6105a21e944f120fd2d\kotlinx-datetime-jvm-0.6.0.jar;C:\Users\hp\.gradle\caches\modules-2\files-2.1\org.jetbrains.kotlin\kotlin-stdlib-jdk7\1.9.24\46b6e1099acabc71feca1c0013deee78e6793d07\kotlin-stdlib-jdk7-1.9.24.jar;C:\Users\hp\.gradle\caches\modules-2\files-2.1\androidx.collection\collection-jvm\1.4.0\e209fb7bd1183032f55a0408121c6251a81acb49\collection-jvm-1.4.0.jar;C:\Users\hp\.gradle\caches\modules-2\files-2.1\androidx.arch.core\core-common\2.2.0\5e1b8b81dfd5f52c56a8d53b18ca759c19a301f3\core-common-2.2.0.jar;C:\Users\hp\.gradle\caches\modules-2\files-2.1\androidx.annotation\annotation-jvm\1.8.0\b8a16fe526014b7941c1debaccaf9c5153692dbb\annotation-jvm-1.8.0.jar;C:\Users\hp\.gradle\caches\modules-2\files-2.1\org.jetbrains.kotlin\kotlin-stdlib\2.1.0\85f8b81009cda5890e54ba67d64b5e599c645020\kotlin-stdlib-2.1.0.jar;C:\Users\hp\.gradle\caches\modules-2\files-2.1\org.jetbrains\annotations\23.0.0\8cc20c07506ec18e0834947b84a864bfc094484e\annotations-23.0.0.jar
Launcher Type: SUN_STANDARD

[Global flags]
     intx CICompilerCount                          = 12                                        {product} {ergonomic}
     uint ConcGCThreads                            = 5                                         {product} {ergonomic}
     uint G1ConcRefinementThreads                  = 18                                        {product} {ergonomic}
   size_t G1HeapRegionSize                         = 4194304                                   {product} {ergonomic}
    uintx GCDrainStackTargetSize                   = 64                                        {product} {ergonomic}
   size_t InitialHeapSize                          = 532676608                                 {product} {ergonomic}
   size_t MarkStackSize                            = 4194304                                   {product} {ergonomic}
   size_t MaxHeapSize                              = 8506048512                                {product} {ergonomic}
   size_t MaxNewSize                               = 5100273664                                {product} {ergonomic}
   size_t MinHeapDeltaBytes                        = 4194304                                   {product} {ergonomic}
   size_t MinHeapSize                              = 8388608                                   {product} {ergonomic}
    uintx NonNMethodCodeHeapSize                   = 7602480                                {pd product} {ergonomic}
    uintx NonProfiledCodeHeapSize                  = 122027880                              {pd product} {ergonomic}
    uintx ProfiledCodeHeapSize                     = 122027880                              {pd product} {ergonomic}
    uintx ReservedCodeCacheSize                    = 251658240                              {pd product} {ergonomic}
     bool SegmentedCodeCache                       = true                                      {product} {ergonomic}
   size_t SoftMaxHeapSize                          = 8506048512                             {manageable} {ergonomic}
     bool UseCompressedOops                        = true                           {product lp64_product} {ergonomic}
     bool UseG1GC                                  = true                                      {product} {ergonomic}
     bool UseLargePagesIndividualAllocation        = false                                  {pd product} {ergonomic}

Logging:
Log output configuration:
 #0: stdout all=warning uptime,level,tags foldmultilines=false
 #1: stderr all=off uptime,level,tags foldmultilines=false

Environment Variables:
PATH=C:\WINDOWS\system32;C:\WINDOWS;C:\WINDOWS\System32\Wbem;C:\WINDOWS\System32\WindowsPowerShell\v1.0\;C:\WINDOWS\System32\OpenSSH\;C:\Program Files\Git\cmd;C:\Program Files\dotnet\;C:\Users\hp\AppData\Local\Programs\Python\Python313\Scripts;C:\Users\hp\AppData\Local\Programs\Python\Python313\;C:\Program Files\PuTTY\;C:\Users\hp\AppData\Local\Programs\Python\Launcher\;C:\WINDOWS\system32;C:\WINDOWS;C:\WINDOWS\System32\Wbem;C:\WINDOWS\System32\WindowsPowerShell\v1.0\;C:\WINDOWS\System32\OpenSSH\;C:\Program Files\Git\cmd;C:\Program Files\dotnet\;C:\Users\hp\AppData\Local\Microsoft\WindowsApps;C:\Users\hp\AppData\Local\Programs\Microsoft VS Code\bin;C:\Users\hp\.dotnet\tools;C:\Users\hp\AppData\Local\Packages\PythonSoftwareFoundation.Python.3.12_qbz5n2kfra8p0\LocalCache\local-packages\Python312\Scripts;C:\Users\hp\AppData\Local\Programs\Python\Python313;C:\Users\hp\AppData\Local\Programs\Python\Python313\Scripts;C:\Program Files\JetBrains\IntelliJ IDEA 2025.3\bin
USERNAME=hp
OS=Windows_NT
PROCESSOR_IDENTIFIER=Intel64 Family 6 Model 183 Stepping 1, GenuineIntel
TMP=C:\Users\hp\AppData\Local\Temp
TEMP=C:\Users\hp\AppData\Local\Temp




Periodic native trim disabled

JNI global refs:
JNI global refs: 144, weak refs: 31

JNI global refs memory usage: 2099, weak refs: 833

Process memory usage:
Resident Set Size: 229684K (0% of 33216076K total physical memory with 22853496K free physical memory)

OOME stack traces (most recent first):
Classloader memory used:
Loader jdk.internal.loader.ClassLoaders$AppClassLoader                                 : 17335K
Loader bootstrap                                                                       : 7440K
Loader jdk.internal.loader.ClassLoaders$PlatformClassLoader                            : 19296B

---------------  S Y S T E M  ---------------

OS:
 Windows 11 , 64 bit Build 26100 (10.0.26100.7309)
OS uptime: 2 days 19:23 hours
Hyper-V role detected

CPU: total 24 (initial active 24) (12 cores per cpu, 2 threads per core) family 6 model 183 stepping 1 microcode 0x12f, cx8, cmov, fxsr, ht, mmx, 3dnowpref, sse, sse2, sse3, ssse3, sse4.1, sse4.2, popcnt, lzcnt, tsc, tscinvbit, avx, avx2, aes, erms, clmul, bmi1, bmi2, adx, sha, fma, vzeroupper, clflush, clflushopt, clwb, hv, serialize, rdtscp, rdpid, fsrm, f16c, cet_ibt, cet_ss
Processor Information for the first 24 processors :
  Max Mhz: 2100, Current Mhz: 2100, Mhz Limit: 2100

Memory: 4k page, system-wide physical 32437M (22317M free)
TotalPageFile size 34485M (AvailPageFile size 24919M)
current process WorkingSet (physical memory assigned to process): 224M, peak: 232M
current process commit charge ("private bytes"): 294M, peak: 724M

vm_info: OpenJDK 64-Bit Server VM (21.0.8+9-b1163.69) for windows-amd64 JRE (21.0.8+9-b1163.69), built on 2025-10-24 by "builduser" with MS VC++ 16.10 / 16.11 (VS2019)

END.
